/home/trironkk/agent-worktrees/github.com/trironkk/tinyterp/a01/notebooks/2026-07-03_hardware_detection.py:182: UserWarning: FigureCanvasAgg is non-interactive, and thus cannot be shown
  plt.show()
platform.platform()='Linux-6.18.33.1-microsoft-standard-WSL2-x86_64-with-glibc2.43'
platform.python_version()='3.12.13'
torch.__version__='2.12.1+cu130'
torch.initial_seed()=0
torch.backends.cuda.is_built()=True
torch.cuda.is_available()=True
torch.version.cuda='13.0'
torch.cuda.device_count()=1
props.name='NVIDIA GeForce RTX 5060 Ti'
props.total_memory / 2**30=15.9 GiB
cc=(12, 0)
props.multi_processor_count=36
torch.cuda.is_bf16_supported()=True
cc >= (8, 0)=True  # tf32 capable
torch.backends.cuda.matmul.allow_tf32=False
device=device(type='cuda')
get_device('cpu')=device(type='cpu')
fp32_diff=2.86e-05
tf32_diff=2.40e-02
matmul on cuda matches CPU within fp32 tolerance (1e-4)
 cpu: n=256:   0.526  n=384:   0.550  n=512:   0.594  n=768:   0.623  n=1024:   0.633  n=1536:   0.754  n=2048:   0.723  n=3072:   0.725  n=4096:   0.784  n=6144:   0.804  n=8192:   0.839
cuda: n=256:   0.757  n=384:   2.232  n=512:   2.037  n=768:   8.808  n=1024:   9.594  n=1536:  14.054  n=2048:   4.408  n=3072:  15.278  n=4096:  15.880  n=6144:  15.647  n=8192:  17.756
